21:21:40 **** Incremental Build of configuration Nios II for project tarea1 ****
make all 
Info: Building ../tarea1_bsp/
C:/intelFPGA_lite/18.1/nios2eds/bin/gnu/H-x86_64-mingw32/bin/make --no-print-directory -C ../tarea1_bsp/
[BSP build complete]
Info: Compiling hello_world_small.c to obj/default/hello_world_small.o
nios2-elf-gcc -xc -MP -MMD -c -I../tarea1_bsp//HAL/inc -I../tarea1_bsp/ -I../tarea1_bsp//drivers/inc  -pipe -D__hal__ -DALT_NO_C_PLUS_PLUS -DALT_NO_CLEAN_EXIT -D'exit(a)=_exit(a)' -DALT_NO_EXIT -DALT_USE_DIRECT_DRIVERS -DALT_NO_INSTRUCTION_EMULATION -DALT_USE_SMALL_DRIVERS -DSMALL_C_LIB -DALT_SINGLE_THREADED    -Os -g -Wall   -mno-hw-div -mhw-mul -mno-hw-mulx -mgpopt=global  -o obj/default/hello_world_small.o hello_world_small.c
Info: Linking tarea1.elf
nios2-elf-g++  -T'../tarea1_bsp//linker.x' -msys-crt0='../tarea1_bsp//obj/HAL/src/crt0.o' -msys-lib=hal_bsp -L../tarea1_bsp/  -msmallc  -Wl,-Map=tarea1.map   -Os -g -Wall   -mno-hw-div -mhw-mul -mno-hw-mulx -mgpopt=global  -o tarea1.elf obj/default/hello_world_small.o -lm -msys-lib=m
nios2-elf-insert tarea1.elf --thread_model hal --cpu_name nios2_gen2_0 --qsys true --simulation_enabled false --stderr_dev jtag_uart_0 --stdin_dev jtag_uart_0 --stdout_dev jtag_uart_0 --sopc_system_name tarea1 --quartus_project_dir "C:/Users/drayo/OneDrive/Escritorio/desktop_apliaction/tec/Semestre_2_2024/SistemasOperativos/Tareas/TareaCompleta" --jdi ../..//output_files/tarea1.jdi --sopcinfo C:/Users/drayo/OneDrive/Escritorio/desktop_apliaction/tec/Semestre_2_2024/SistemasOperativos/Tareas/TareaCompleta/software/tarea1_bsp/../../tarea1.sopcinfo
Info: (tarea1.elf) 1824 Bytes program size (code + initialized data).
Info:              2268 Bytes free for stack + heap.
Info: Creating tarea1.objdump
nios2-elf-objdump --disassemble --syms --all-header --source tarea1.elf >tarea1.objdump
[tarea1 build complete]
21:24:16 **** Incremental Build of configuration Nios II for project tarea1 ****
make all 
Info: Building ../tarea1_bsp/
C:/intelFPGA_lite/18.1/nios2eds/bin/gnu/H-x86_64-mingw32/bin/make --no-print-directory -C ../tarea1_bsp/
[BSP build complete]
[tarea1 build complete]
